#
# There is insufficient memory for the Java Runtime Environment to continue.
# Native memory allocation (malloc) failed to allocate 1932016 bytes for Chunk::new
# Possible reasons:
#   The system is out of physical RAM or swap space
#   The process is running with CompressedOops enabled, and the Java Heap may be blocking the growth of the native heap
# Possible solutions:
#   Reduce memory load on the system
#   Increase physical memory or swap space
#   Check if swap backing store is full
#   Decrease Java heap size (-Xmx/-Xms)
#   Decrease number of Java threads
#   Decrease Java thread stack sizes (-Xss)
#   Set larger code cache with -XX:ReservedCodeCacheSize=
#   JVM is running with Zero Based Compressed Oops mode in which the Java heap is
#     placed in the first 32GB address space. The Java Heap base address is the
#     maximum limit for the native heap growth. Please use -XX:HeapBaseMinAddress
#     to set the Java Heap base and to place the Java Heap above 32GB virtual address.
# This output file may be truncated or incomplete.
#
#  Out of Memory Error (./src/hotspot/share/memory/arena.cpp:197), pid=2580, tid=8972
#
# JRE version: OpenJDK Runtime Environment Zulu11.60+19-CA (11.0.17+8) (build 11.0.17+8-LTS)
# Java VM: OpenJDK 64-Bit Server VM Zulu11.60+19-CA (11.0.17+8-LTS, mixed mode, tiered, compressed oops, g1 gc, windows-amd64)
# No core dump will be written. Minidumps are not enabled by default on client versions of Windows
#

---------------  S U M M A R Y ------------

Command Line: -ea -Didea.test.cyclic.buffer.size=1048576 -javaagent:C:\Program Files\JetBrains\IntelliJ IDEA 2022.2.3\lib\idea_rt.jar=54354:C:\Program Files\JetBrains\IntelliJ IDEA 2022.2.3\bin -Dfile.encoding=UTF-8 com.intellij.rt.junit.JUnitStarter -ideVersion5 -junit4 tn.esprit.spring.kaddem.services.ContratServiceImplTest,testRetrieveAllContrats

Host: Intel(R) Core(TM) i7-8565U CPU @ 1.80GHz, 8 cores, 15G,  Windows 10 , 64 bit Build 19041 (10.0.19041.3570)
Time: Sat Nov  4 11:43:29 2023 Paris, Madrid elapsed time: 3.322327 seconds (0d 0h 0m 3s)

---------------  T H R E A D  ---------------

Current thread (0x000001ede589a800):  JavaThread "C2 CompilerThread0" daemon [_thread_in_native, id=8972, stack(0x0000006010000000,0x0000006010100000)]


Current CompileTask:
C2:   3322 2175       4       java.lang.invoke.MethodType::makeImpl (108 bytes)

Stack: [0x0000006010000000,0x0000006010100000]
Native frames: (J=compiled Java code, j=interpreted, Vv=VM code, C=native code)
V  [jvm.dll+0x62942a]
V  [jvm.dll+0x7b6f39]
V  [jvm.dll+0x7b8628]
V  [jvm.dll+0x7b8d03]
V  [jvm.dll+0x2539f8]
V  [jvm.dll+0xc245c]
V  [jvm.dll+0xc2a1c]
V  [jvm.dll+0x360212]
V  [jvm.dll+0x32ba53]
V  [jvm.dll+0x32ad8a]
V  [jvm.dll+0x208793]
V  [jvm.dll+0x20789d]
V  [jvm.dll+0x18a0c1]
V  [jvm.dll+0x217234]
V  [jvm.dll+0x21547b]
V  [jvm.dll+0x779ac0]
V  [jvm.dll+0x7729e4]
V  [jvm.dll+0x628295]
C  [ucrtbase.dll+0x21bb2]
C  [KERNEL32.DLL+0x17344]
C  [ntdll.dll+0x526b1]


---------------  P R O C E S S  ---------------

Threads class SMR info:
_java_thread_list=0x000001ede823db00, length=13, elements={
0x000001edbf2ae000, 0x000001ede4f6b800, 0x000001ede4f75800, 0x000001ede586d800,
0x000001ede5871000, 0x000001ede5873800, 0x000001ede589a800, 0x000001ede58a0000,
0x000001ede58a8800, 0x000001ede5a07800, 0x000001ede58a3800, 0x000001ede5b52800,
0x000001ede589f000
}

Java Threads: ( => current thread )
  0x000001edbf2ae000 JavaThread "main" [_thread_in_vm, id=16584, stack(0x000000600f400000,0x000000600f500000)]
  0x000001ede4f6b800 JavaThread "Reference Handler" daemon [_thread_blocked, id=15284, stack(0x000000600fb00000,0x000000600fc00000)]
  0x000001ede4f75800 JavaThread "Finalizer" daemon [_thread_blocked, id=2220, stack(0x000000600fc00000,0x000000600fd00000)]
  0x000001ede586d800 JavaThread "Signal Dispatcher" daemon [_thread_blocked, id=13192, stack(0x000000600fd00000,0x000000600fe00000)]
  0x000001ede5871000 JavaThread "Attach Listener" daemon [_thread_blocked, id=16248, stack(0x000000600fe00000,0x000000600ff00000)]
  0x000001ede5873800 JavaThread "Service Thread" daemon [_thread_blocked, id=10372, stack(0x000000600ff00000,0x0000006010000000)]
=>0x000001ede589a800 JavaThread "C2 CompilerThread0" daemon [_thread_in_native, id=8972, stack(0x0000006010000000,0x0000006010100000)]
  0x000001ede58a0000 JavaThread "C1 CompilerThread0" daemon [_thread_blocked, id=8356, stack(0x0000006010100000,0x0000006010200000)]
  0x000001ede58a8800 JavaThread "Sweeper thread" daemon [_thread_blocked, id=10912, stack(0x0000006010200000,0x0000006010300000)]
  0x000001ede5a07800 JavaThread "Common-Cleaner" daemon [_thread_blocked, id=17304, stack(0x0000006010300000,0x0000006010400000)]
  0x000001ede58a3800 JavaThread "C2 CompilerThread1" daemon [_thread_in_native, id=14856, stack(0x0000006010400000,0x0000006010500000)]
  0x000001ede5b52800 JavaThread "Monitor Ctrl-Break" daemon [_thread_in_native, id=4176, stack(0x0000006010500000,0x0000006010600000)]
  0x000001ede589f000 JavaThread "C2 CompilerThread2" daemon [_thread_in_native, id=14728, stack(0x0000006010700000,0x0000006010800000)]

Other Threads:
  0x000001ede4f6a800 VMThread "VM Thread" [stack: 0x000000600fa00000,0x000000600fb00000] [id=18656]
  0x000001ede5d90800 WatcherThread [stack: 0x0000006010600000,0x0000006010700000] [id=8992]
  0x000001edbf2c4000 GCTaskThread "GC Thread#0" [stack: 0x000000600f500000,0x000000600f600000] [id=6744]
  0x000001ede6a24000 GCTaskThread "GC Thread#1" [stack: 0x0000006010800000,0x0000006010900000] [id=2632]
  0x000001ede6a05000 GCTaskThread "GC Thread#2" [stack: 0x0000006010900000,0x0000006010a00000] [id=14328]
  0x000001ede64a1000 GCTaskThread "GC Thread#3" [stack: 0x0000006010a00000,0x0000006010b00000] [id=9528]
  0x000001ede6a30000 GCTaskThread "GC Thread#4" [stack: 0x0000006010b00000,0x0000006010c00000] [id=8172]
  0x000001ede6b28000 GCTaskThread "GC Thread#5" [stack: 0x0000006010c00000,0x0000006010d00000] [id=17940]
  0x000001edbf322800 ConcurrentGCThread "G1 Main Marker" [stack: 0x000000600f600000,0x000000600f700000] [id=17240]
  0x000001edbf323800 ConcurrentGCThread "G1 Conc#0" [stack: 0x000000600f700000,0x000000600f800000] [id=13680]
  0x000001ede69e4000 ConcurrentGCThread "G1 Conc#1" [stack: 0x0000006010d00000,0x0000006010e00000] [id=14928]
  0x000001ede4e4d000 ConcurrentGCThread "G1 Refine#0" [stack: 0x000000600f800000,0x000000600f900000] [id=19068]
  0x000001ede4e4e000 ConcurrentGCThread "G1 Young RemSet Sampling" [stack: 0x000000600f900000,0x000000600fa00000] [id=18408]

Threads with active compile tasks:
C2 CompilerThread0     3353 2175       4       java.lang.invoke.MethodType::makeImpl (108 bytes)
C2 CompilerThread1     3353 2212   !   4       java.net.URL::<init> (543 bytes)
C2 CompilerThread2     3353 2232       4       java.util.Properties::loadConvert (524 bytes)

VM state:not at safepoint (normal execution)

VM Mutex/Monitor currently owned by a thread: None

Heap address: 0x0000000701c00000, size: 4068 MB, Compressed Oops mode: Zero based, Oop shift amount: 3
Narrow klass base: 0x0000000800000000, Narrow klass shift: 0
Compressed class space size: 1073741824 Address: 0x0000000800000000

Heap:
 garbage-first heap   total 262144K, used 11577K [0x0000000701c00000, 0x0000000800000000)
  region size 1024K, 6 young (6144K), 5 survivors (5120K)
 Metaspace       used 28091K, capacity 28830K, committed 29056K, reserved 1081344K
  class space    used 3158K, capacity 3444K, committed 3456K, reserved 1048576K
Heap Regions: E=young(eden), S=young(survivor), O=old, HS=humongous(starts), HC=humongous(continues), CS=collection set, F=free, A=archive, TAMS=top-at-mark-start (previous, next)
|   0|0x0000000701c00000, 0x0000000701d00000, 0x0000000701d00000|100%|HS|  |TAMS 0x0000000701d00000, 0x0000000701d00000| Complete 
|   1|0x0000000701d00000, 0x0000000701e00000, 0x0000000701e00000|100%| O|  |TAMS 0x0000000701e00000, 0x0000000701e00000| Untracked 
|   2|0x0000000701e00000, 0x0000000701f00000, 0x0000000701f00000|100%| O|  |TAMS 0x0000000701f00000, 0x0000000701f00000| Untracked 
|   3|0x0000000701f00000, 0x0000000702000000, 0x0000000702000000|100%| O|  |TAMS 0x0000000702000000, 0x0000000702000000| Untracked 
|   4|0x0000000702000000, 0x0000000702100000, 0x0000000702100000|100%| O|  |TAMS 0x0000000702087c00, 0x0000000702100000| Untracked 
|   5|0x0000000702100000, 0x0000000702200000, 0x0000000702200000|100%| O|  |TAMS 0x0000000702100000, 0x0000000702200000| Untracked 
|   6|0x0000000702200000, 0x0000000702300000, 0x0000000702300000|100%| O|  |TAMS 0x0000000702200000, 0x0000000702300000| Untracked 
|   7|0x0000000702300000, 0x0000000702310a00, 0x0000000702400000|  6%| O|  |TAMS 0x0000000702300000, 0x0000000702310a00| Untracked 
|   8|0x0000000702400000, 0x0000000702400000, 0x0000000702500000|  0%| F|  |TAMS 0x0000000702400000, 0x0000000702400000| Untracked 
|   9|0x0000000702500000, 0x0000000702500000, 0x0000000702600000|  0%| F|  |TAMS 0x0000000702500000, 0x0000000702500000| Untracked 
|  10|0x0000000702600000, 0x0000000702600000, 0x0000000702700000|  0%| F|  |TAMS 0x0000000702600000, 0x0000000702600000| Untracked 
|  11|0x0000000702700000, 0x0000000702700000, 0x0000000702800000|  0%| F|  |TAMS 0x0000000702700000, 0x0000000702700000| Untracked 
|  12|0x0000000702800000, 0x0000000702800000, 0x0000000702900000|  0%| F|  |TAMS 0x0000000702800000, 0x0000000702800000| Untracked 
|  13|0x0000000702900000, 0x0000000702900000, 0x0000000702a00000|  0%| F|  |TAMS 0x0000000702900000, 0x0000000702900000| Untracked 
|  14|0x0000000702a00000, 0x0000000702a00000, 0x0000000702b00000|  0%| F|  |TAMS 0x0000000702a00000, 0x0000000702a00000| Untracked 
|  15|0x0000000702b00000, 0x0000000702b00000, 0x0000000702c00000|  0%| F|  |TAMS 0x0000000702b00000, 0x0000000702b00000| Untracked 
|  16|0x0000000702c00000, 0x0000000702c00000, 0x0000000702d00000|  0%| F|  |TAMS 0x0000000702c00000, 0x0000000702c00000| Untracked 
|  17|0x0000000702d00000, 0x0000000702d00000, 0x0000000702e00000|  0%| F|  |TAMS 0x0000000702d00000, 0x0000000702d00000| Untracked 
|  18|0x0000000702e00000, 0x0000000702e00000, 0x0000000702f00000|  0%| F|  |TAMS 0x0000000702e00000, 0x0000000702e00000| Untracked 
|  19|0x0000000702f00000, 0x0000000702f00000, 0x0000000703000000|  0%| F|  |TAMS 0x0000000702f00000, 0x0000000702f00000| Untracked 
|  20|0x0000000703000000, 0x0000000703000000, 0x0000000703100000|  0%| F|  |TAMS 0x0000000703000000, 0x0000000703000000| Untracked 
|  21|0x0000000703100000, 0x0000000703100000, 0x0000000703200000|  0%| F|  |TAMS 0x0000000703100000, 0x0000000703100000| Untracked 
|  22|0x0000000703200000, 0x0000000703200000, 0x0000000703300000|  0%| F|  |TAMS 0x0000000703200000, 0x0000000703200000| Untracked 
|  23|0x0000000703300000, 0x0000000703300000, 0x0000000703400000|  0%| F|  |TAMS 0x0000000703300000, 0x0000000703300000| Untracked 
|  24|0x0000000703400000, 0x0000000703400000, 0x0000000703500000|  0%| F|  |TAMS 0x0000000703400000, 0x0000000703400000| Untracked 
|  25|0x0000000703500000, 0x0000000703500000, 0x0000000703600000|  0%| F|  |TAMS 0x0000000703500000, 0x0000000703500000| Untracked 
|  26|0x0000000703600000, 0x0000000703600000, 0x0000000703700000|  0%| F|  |TAMS 0x0000000703600000, 0x0000000703600000| Untracked 
|  27|0x0000000703700000, 0x0000000703700000, 0x0000000703800000|  0%| F|  |TAMS 0x0000000703700000, 0x0000000703700000| Untracked 
|  28|0x0000000703800000, 0x0000000703800000, 0x0000000703900000|  0%| F|  |TAMS 0x0000000703800000, 0x0000000703800000| Untracked 
|  29|0x0000000703900000, 0x0000000703900000, 0x0000000703a00000|  0%| F|  |TAMS 0x0000000703900000, 0x0000000703900000| Untracked 
|  30|0x0000000703a00000, 0x0000000703a00000, 0x0000000703b00000|  0%| F|  |TAMS 0x0000000703a00000, 0x0000000703a00000| Untracked 
|  31|0x0000000703b00000, 0x0000000703b00000, 0x0000000703c00000|  0%| F|  |TAMS 0x0000000703b00000, 0x0000000703b00000| Untracked 
|  32|0x0000000703c00000, 0x0000000703c00000, 0x0000000703d00000|  0%| F|  |TAMS 0x0000000703c00000, 0x0000000703c00000| Untracked 
|  33|0x0000000703d00000, 0x0000000703d00000, 0x0000000703e00000|  0%| F|  |TAMS 0x0000000703d00000, 0x0000000703d00000| Untracked 
|  34|0x0000000703e00000, 0x0000000703e00000, 0x0000000703f00000|  0%| F|  |TAMS 0x0000000703e00000, 0x0000000703e00000| Untracked 
|  35|0x0000000703f00000, 0x0000000703f00000, 0x0000000704000000|  0%| F|  |TAMS 0x0000000703f00000, 0x0000000703f00000| Untracked 
|  36|0x0000000704000000, 0x0000000704000000, 0x0000000704100000|  0%| F|  |TAMS 0x0000000704000000, 0x0000000704000000| Untracked 
|  37|0x0000000704100000, 0x0000000704100000, 0x0000000704200000|  0%| F|  |TAMS 0x0000000704100000, 0x0000000704100000| Untracked 
|  38|0x0000000704200000, 0x0000000704200000, 0x0000000704300000|  0%| F|  |TAMS 0x0000000704200000, 0x0000000704200000| Untracked 
|  39|0x0000000704300000, 0x0000000704300000, 0x0000000704400000|  0%| F|  |TAMS 0x0000000704300000, 0x0000000704300000| Untracked 
|  40|0x0000000704400000, 0x0000000704400000, 0x0000000704500000|  0%| F|  |TAMS 0x0000000704400000, 0x0000000704400000| Untracked 
|  41|0x0000000704500000, 0x0000000704500000, 0x0000000704600000|  0%| F|  |TAMS 0x0000000704500000, 0x0000000704500000| Untracked 
|  42|0x0000000704600000, 0x0000000704600000, 0x0000000704700000|  0%| F|  |TAMS 0x0000000704600000, 0x0000000704600000| Untracked 
|  43|0x0000000704700000, 0x0000000704700000, 0x0000000704800000|  0%| F|  |TAMS 0x0000000704700000, 0x0000000704700000| Untracked 
|  44|0x0000000704800000, 0x0000000704800000, 0x0000000704900000|  0%| F|  |TAMS 0x0000000704800000, 0x0000000704800000| Untracked 
|  45|0x0000000704900000, 0x0000000704900000, 0x0000000704a00000|  0%| F|  |TAMS 0x0000000704900000, 0x0000000704900000| Untracked 
|  46|0x0000000704a00000, 0x0000000704a00000, 0x0000000704b00000|  0%| F|  |TAMS 0x0000000704a00000, 0x0000000704a00000| Untracked 
|  47|0x0000000704b00000, 0x0000000704b00000, 0x0000000704c00000|  0%| F|  |TAMS 0x0000000704b00000, 0x0000000704b00000| Untracked 
|  48|0x0000000704c00000, 0x0000000704c00000, 0x0000000704d00000|  0%| F|  |TAMS 0x0000000704c00000, 0x0000000704c00000| Untracked 
|  49|0x0000000704d00000, 0x0000000704d00000, 0x0000000704e00000|  0%| F|  |TAMS 0x0000000704d00000, 0x0000000704d00000| Untracked 
|  50|0x0000000704e00000, 0x0000000704e00000, 0x0000000704f00000|  0%| F|  |TAMS 0x0000000704e00000, 0x0000000704e00000| Untracked 
|  51|0x0000000704f00000, 0x0000000704f00000, 0x0000000705000000|  0%| F|  |TAMS 0x0000000704f00000, 0x0000000704f00000| Untracked 
|  52|0x0000000705000000, 0x0000000705000000, 0x0000000705100000|  0%| F|  |TAMS 0x0000000705000000, 0x0000000705000000| Untracked 
|  53|0x0000000705100000, 0x0000000705100000, 0x0000000705200000|  0%| F|  |TAMS 0x0000000705100000, 0x0000000705100000| Untracked 
|  54|0x0000000705200000, 0x0000000705200000, 0x0000000705300000|  0%| F|  |TAMS 0x0000000705200000, 0x0000000705200000| Untracked 
|  55|0x0000000705300000, 0x0000000705300000, 0x0000000705400000|  0%| F|  |TAMS 0x0000000705300000, 0x0000000705300000| Untracked 
|  56|0x0000000705400000, 0x0000000705400000, 0x0000000705500000|  0%| F|  |TAMS 0x0000000705400000, 0x0000000705400000| Untracked 
|  57|0x0000000705500000, 0x0000000705500000, 0x0000000705600000|  0%| F|  |TAMS 0x0000000705500000, 0x0000000705500000| Untracked 
|  58|0x0000000705600000, 0x0000000705600000, 0x0000000705700000|  0%| F|  |TAMS 0x0000000705600000, 0x0000000705600000| Untracked 
|  59|0x0000000705700000, 0x0000000705700000, 0x0000000705800000|  0%| F|  |TAMS 0x0000000705700000, 0x0000000705700000| Untracked 
|  60|0x0000000705800000, 0x0000000705800000, 0x0000000705900000|  0%| F|  |TAMS 0x0000000705800000, 0x0000000705800000| Untracked 
|  61|0x0000000705900000, 0x0000000705900000, 0x0000000705a00000|  0%| F|  |TAMS 0x0000000705900000, 0x0000000705900000| Untracked 
|  62|0x0000000705a00000, 0x0000000705a00000, 0x0000000705b00000|  0%| F|  |TAMS 0x0000000705a00000, 0x0000000705a00000| Untracked 
|  63|0x0000000705b00000, 0x0000000705b00000, 0x0000000705c00000|  0%| F|  |TAMS 0x0000000705b00000, 0x0000000705b00000| Untracked 
|  64|0x0000000705c00000, 0x0000000705c00000, 0x0000000705d00000|  0%| F|  |TAMS 0x0000000705c00000, 0x0000000705c00000| Untracked 
|  65|0x0000000705d00000, 0x0000000705d00000, 0x0000000705e00000|  0%| F|  |TAMS 0x0000000705d00000, 0x0000000705d00000| Untracked 
|  66|0x0000000705e00000, 0x0000000705e00000, 0x0000000705f00000|  0%| F|  |TAMS 0x0000000705e00000, 0x0000000705e00000| Untracked 
|  67|0x0000000705f00000, 0x0000000705f00000, 0x0000000706000000|  0%| F|  |TAMS 0x0000000705f00000, 0x0000000705f00000| Untracked 
|  68|0x0000000706000000, 0x0000000706000000, 0x0000000706100000|  0%| F|  |TAMS 0x0000000706000000, 0x0000000706000000| Untracked 
|  69|0x0000000706100000, 0x0000000706100000, 0x0000000706200000|  0%| F|  |TAMS 0x0000000706100000, 0x0000000706100000| Untracked 
|  70|0x0000000706200000, 0x0000000706200000, 0x0000000706300000|  0%| F|  |TAMS 0x0000000706200000, 0x0000000706200000| Untracked 
|  71|0x0000000706300000, 0x0000000706300000, 0x0000000706400000|  0%| F|  |TAMS 0x0000000706300000, 0x0000000706300000| Untracked 
|  72|0x0000000706400000, 0x0000000706400000, 0x0000000706500000|  0%| F|  |TAMS 0x0000000706400000, 0x0000000706400000| Untracked 
|  73|0x0000000706500000, 0x0000000706500000, 0x0000000706600000|  0%| F|  |TAMS 0x0000000706500000, 0x0000000706500000| Untracked 
|  74|0x0000000706600000, 0x0000000706600000, 0x0000000706700000|  0%| F|  |TAMS 0x0000000706600000, 0x0000000706600000| Untracked 
|  75|0x0000000706700000, 0x0000000706700000, 0x0000000706800000|  0%| F|  |TAMS 0x0000000706700000, 0x0000000706700000| Untracked 
|  76|0x0000000706800000, 0x0000000706800000, 0x0000000706900000|  0%| F|  |TAMS 0x0000000706800000, 0x0000000706800000| Untracked 
|  77|0x0000000706900000, 0x0000000706900000, 0x0000000706a00000|  0%| F|  |TAMS 0x0000000706900000, 0x0000000706900000| Untracked 
|  78|0x0000000706a00000, 0x0000000706a00000, 0x0000000706b00000|  0%| F|  |TAMS 0x0000000706a00000, 0x0000000706a00000| Untracked 
|  79|0x0000000706b00000, 0x0000000706b00000, 0x0000000706c00000|  0%| F|  |TAMS 0x0000000706b00000, 0x0000000706b00000| Untracked 
|  80|0x0000000706c00000, 0x0000000706c00000, 0x0000000706d00000|  0%| F|  |TAMS 0x0000000706c00000, 0x0000000706c00000| Untracked 
|  81|0x0000000706d00000, 0x0000000706d00000, 0x0000000706e00000|  0%| F|  |TAMS 0x0000000706d00000, 0x0000000706d00000| Untracked 
|  82|0x0000000706e00000, 0x0000000706e00000, 0x0000000706f00000|  0%| F|  |TAMS 0x0000000706e00000, 0x0000000706e00000| Untracked 
|  83|0x0000000706f00000, 0x0000000706f00000, 0x0000000707000000|  0%| F|  |TAMS 0x0000000706f00000, 0x0000000706f00000| Untracked 
|  84|0x0000000707000000, 0x0000000707000000, 0x0000000707100000|  0%| F|  |TAMS 0x0000000707000000, 0x0000000707000000| Untracked 
|  85|0x0000000707100000, 0x0000000707100000, 0x0000000707200000|  0%| F|  |TAMS 0x0000000707100000, 0x0000000707100000| Untracked 
|  86|0x0000000707200000, 0x0000000707200000, 0x0000000707300000|  0%| F|  |TAMS 0x0000000707200000, 0x0000000707200000| Untracked 
|  87|0x0000000707300000, 0x0000000707300000, 0x0000000707400000|  0%| F|  |TAMS 0x0000000707300000, 0x0000000707300000| Untracked 
|  88|0x0000000707400000, 0x0000000707400000, 0x0000000707500000|  0%| F|  |TAMS 0x0000000707400000, 0x0000000707400000| Untracked 
|  89|0x0000000707500000, 0x0000000707500000, 0x0000000707600000|  0%| F|  |TAMS 0x0000000707500000, 0x0000000707500000| Untracked 
|  90|0x0000000707600000, 0x0000000707600000, 0x0000000707700000|  0%| F|  |TAMS 0x0000000707600000, 0x0000000707600000| Untracked 
|  91|0x0000000707700000, 0x0000000707700000, 0x0000000707800000|  0%| F|  |TAMS 0x0000000707700000, 0x0000000707700000| Untracked 
|  92|0x0000000707800000, 0x0000000707800000, 0x0000000707900000|  0%| F|  |TAMS 0x0000000707800000, 0x0000000707800000| Untracked 
|  93|0x0000000707900000, 0x0000000707900000, 0x0000000707a00000|  0%| F|  |TAMS 0x0000000707900000, 0x0000000707900000| Untracked 
|  94|0x0000000707a00000, 0x0000000707a00000, 0x0000000707b00000|  0%| F|  |TAMS 0x0000000707a00000, 0x0000000707a00000| Untracked 
|  95|0x0000000707b00000, 0x0000000707b00000, 0x0000000707c00000|  0%| F|  |TAMS 0x0000000707b00000, 0x0000000707b00000| Untracked 
|  96|0x0000000707c00000, 0x0000000707c00000, 0x0000000707d00000|  0%| F|  |TAMS 0x0000000707c00000, 0x0000000707c00000| Untracked 
|  97|0x0000000707d00000, 0x0000000707d00000, 0x0000000707e00000|  0%| F|  |TAMS 0x0000000707d00000, 0x0000000707d00000| Untracked 
|  98|0x0000000707e00000, 0x0000000707e00000, 0x0000000707f00000|  0%| F|  |TAMS 0x0000000707e00000, 0x0000000707e00000| Untracked 
|  99|0x0000000707f00000, 0x0000000707f00000, 0x0000000708000000|  0%| F|  |TAMS 0x0000000707f00000, 0x0000000707f00000| Untracked 
| 100|0x0000000708000000, 0x0000000708000000, 0x0000000708100000|  0%| F|  |TAMS 0x0000000708000000, 0x0000000708000000| Untracked 
| 101|0x0000000708100000, 0x0000000708100000, 0x0000000708200000|  0%| F|  |TAMS 0x0000000708100000, 0x0000000708100000| Untracked 
| 102|0x0000000708200000, 0x0000000708200000, 0x0000000708300000|  0%| F|  |TAMS 0x0000000708200000, 0x0000000708200000| Untracked 
| 103|0x0000000708300000, 0x0000000708300000, 0x0000000708400000|  0%| F|  |TAMS 0x0000000708300000, 0x0000000708300000| Untracked 
| 104|0x0000000708400000, 0x0000000708400000, 0x0000000708500000|  0%| F|  |TAMS 0x0000000708400000, 0x0000000708400000| Untracked 
| 105|0x0000000708500000, 0x0000000708500000, 0x0000000708600000|  0%| F|  |TAMS 0x0000000708500000, 0x0000000708500000| Untracked 
| 106|0x0000000708600000, 0x0000000708600000, 0x0000000708700000|  0%| F|  |TAMS 0x0000000708600000, 0x0000000708600000| Untracked 
| 107|0x0000000708700000, 0x0000000708700000, 0x0000000708800000|  0%| F|  |TAMS 0x0000000708700000, 0x0000000708700000| Untracked 
| 108|0x0000000708800000, 0x0000000708800000, 0x0000000708900000|  0%| F|  |TAMS 0x0000000708800000, 0x0000000708800000| Untracked 
| 109|0x0000000708900000, 0x0000000708900000, 0x0000000708a00000|  0%| F|  |TAMS 0x0000000708900000, 0x0000000708900000| Untracked 
| 110|0x0000000708a00000, 0x0000000708a00000, 0x0000000708b00000|  0%| F|  |TAMS 0x0000000708a00000, 0x0000000708a00000| Untracked 
| 111|0x0000000708b00000, 0x0000000708b00000, 0x0000000708c00000|  0%| F|  |TAMS 0x0000000708b00000, 0x0000000708b00000| Untracked 
| 112|0x0000000708c00000, 0x0000000708c00000, 0x0000000708d00000|  0%| F|  |TAMS 0x0000000708c00000, 0x0000000708c00000| Untracked 
| 113|0x0000000708d00000, 0x0000000708d00000, 0x0000000708e00000|  0%| F|  |TAMS 0x0000000708d00000, 0x0000000708d00000| Untracked 
| 114|0x0000000708e00000, 0x0000000708e00000, 0x0000000708f00000|  0%| F|  |TAMS 0x0000000708e00000, 0x0000000708e00000| Untracked 
| 115|0x0000000708f00000, 0x0000000708f00000, 0x0000000709000000|  0%| F|  |TAMS 0x0000000708f00000, 0x0000000708f00000| Untracked 
| 116|0x0000000709000000, 0x0000000709000000, 0x0000000709100000|  0%| F|  |TAMS 0x0000000709000000, 0x0000000709000000| Untracked 
| 117|0x0000000709100000, 0x0000000709100000, 0x0000000709200000|  0%| F|  |TAMS 0x0000000709100000, 0x0000000709100000| Untracked 
| 118|0x0000000709200000, 0x0000000709200000, 0x0000000709300000|  0%| F|  |TAMS 0x0000000709200000, 0x0000000709200000| Untracked 
| 119|0x0000000709300000, 0x0000000709300000, 0x0000000709400000|  0%| F|  |TAMS 0x0000000709300000, 0x0000000709300000| Untracked 
| 120|0x0000000709400000, 0x0000000709400000, 0x0000000709500000|  0%| F|  |TAMS 0x0000000709400000, 0x0000000709400000| Untracked 
| 121|0x0000000709500000, 0x0000000709500000, 0x0000000709600000|  0%| F|  |TAMS 0x0000000709500000, 0x0000000709500000| Untracked 
| 122|0x0000000709600000, 0x0000000709600000, 0x0000000709700000|  0%| F|  |TAMS 0x0000000709600000, 0x0000000709600000| Untracked 
| 123|0x0000000709700000, 0x0000000709700000, 0x0000000709800000|  0%| F|  |TAMS 0x0000000709700000, 0x0000000709700000| Untracked 
| 124|0x0000000709800000, 0x0000000709800000, 0x0000000709900000|  0%| F|  |TAMS 0x0000000709800000, 0x0000000709800000| Untracked 
| 125|0x0000000709900000, 0x0000000709900000, 0x0000000709a00000|  0%| F|  |TAMS 0x0000000709900000, 0x0000000709900000| Untracked 
| 126|0x0000000709a00000, 0x0000000709a00000, 0x0000000709b00000|  0%| F|  |TAMS 0x0000000709a00000, 0x0000000709a00000| Untracked 
| 127|0x0000000709b00000, 0x0000000709b00000, 0x0000000709c00000|  0%| F|  |TAMS 0x0000000709b00000, 0x0000000709b00000| Untracked 
| 128|0x0000000709c00000, 0x0000000709c00000, 0x0000000709d00000|  0%| F|  |TAMS 0x0000000709c00000, 0x0000000709c00000| Untracked 
| 129|0x0000000709d00000, 0x0000000709d00000, 0x0000000709e00000|  0%| F|  |TAMS 0x0000000709d00000, 0x0000000709d00000| Untracked 
| 130|0x0000000709e00000, 0x0000000709e00000, 0x0000000709f00000|  0%| F|  |TAMS 0x0000000709e00000, 0x0000000709e00000| Untracked 
| 131|0x0000000709f00000, 0x0000000709f00000, 0x000000070a000000|  0%| F|  |TAMS 0x0000000709f00000, 0x0000000709f00000| Untracked 
| 132|0x000000070a000000, 0x000000070a000000, 0x000000070a100000|  0%| F|  |TAMS 0x000000070a000000, 0x000000070a000000| Untracked 
| 133|0x000000070a100000, 0x000000070a100000, 0x000000070a200000|  0%| F|  |TAMS 0x000000070a100000, 0x000000070a100000| Untracked 
| 134|0x000000070a200000, 0x000000070a200000, 0x000000070a300000|  0%| F|  |TAMS 0x000000070a200000, 0x000000070a200000| Untracked 
| 135|0x000000070a300000, 0x000000070a300000, 0x000000070a400000|  0%| F|  |TAMS 0x000000070a300000, 0x000000070a300000| Untracked 
| 136|0x000000070a400000, 0x000000070a400000, 0x000000070a500000|  0%| F|  |TAMS 0x000000070a400000, 0x000000070a400000| Untracked 
| 137|0x000000070a500000, 0x000000070a500000, 0x000000070a600000|  0%| F|  |TAMS 0x000000070a500000, 0x000000070a500000| Untracked 
| 138|0x000000070a600000, 0x000000070a600000, 0x000000070a700000|  0%| F|  |TAMS 0x000000070a600000, 0x000000070a600000| Untracked 
| 139|0x000000070a700000, 0x000000070a700000, 0x000000070a800000|  0%| F|  |TAMS 0x000000070a700000, 0x000000070a700000| Untracked 
| 140|0x000000070a800000, 0x000000070a800000, 0x000000070a900000|  0%| F|  |TAMS 0x000000070a800000, 0x000000070a800000| Untracked 
| 141|0x000000070a900000, 0x000000070a900000, 0x000000070aa00000|  0%| F|  |TAMS 0x000000070a900000, 0x000000070a900000| Untracked 
| 142|0x000000070aa00000, 0x000000070aa00000, 0x000000070ab00000|  0%| F|  |TAMS 0x000000070aa00000, 0x000000070aa00000| Untracked 
| 143|0x000000070ab00000, 0x000000070ab00000, 0x000000070ac00000|  0%| F|  |TAMS 0x000000070ab00000, 0x000000070ab00000| Untracked 
| 144|0x000000070ac00000, 0x000000070ac00000, 0x000000070ad00000|  0%| F|  |TAMS 0x000000070ac00000, 0x000000070ac00000| Untracked 
| 145|0x000000070ad00000, 0x000000070ad00000, 0x000000070ae00000|  0%| F|  |TAMS 0x000000070ad00000, 0x000000070ad00000| Untracked 
| 146|0x000000070ae00000, 0x000000070ae00000, 0x000000070af00000|  0%| F|  |TAMS 0x000000070ae00000, 0x000000070ae00000| Untracked 
| 147|0x000000070af00000, 0x000000070af00000, 0x000000070b000000|  0%| F|  |TAMS 0x000000070af00000, 0x000000070af00000| Untracked 
| 148|0x000000070b000000, 0x000000070b000000, 0x000000070b100000|  0%| F|  |TAMS 0x000000070b000000, 0x000000070b000000| Untracked 
| 149|0x000000070b100000, 0x000000070b100000, 0x000000070b200000|  0%| F|  |TAMS 0x000000070b100000, 0x000000070b100000| Untracked 
| 150|0x000000070b200000, 0x000000070b200000, 0x000000070b300000|  0%| F|  |TAMS 0x000000070b200000, 0x000000070b200000| Untracked 
| 151|0x000000070b300000, 0x000000070b300000, 0x000000070b400000|  0%| F|  |TAMS 0x000000070b300000, 0x000000070b300000| Untracked 
| 152|0x000000070b400000, 0x000000070b400000, 0x000000070b500000|  0%| F|  |TAMS 0x000000070b400000, 0x000000070b400000| Untracked 
| 153|0x000000070b500000, 0x000000070b500000, 0x000000070b600000|  0%| F|  |TAMS 0x000000070b500000, 0x000000070b500000| Untracked 
| 154|0x000000070b600000, 0x000000070b600000, 0x000000070b700000|  0%| F|  |TAMS 0x000000070b600000, 0x000000070b600000| Untracked 
| 155|0x000000070b700000, 0x000000070b700000, 0x000000070b800000|  0%| F|  |TAMS 0x000000070b700000, 0x000000070b700000| Untracked 
| 156|0x000000070b800000, 0x000000070b800000, 0x000000070b900000|  0%| F|  |TAMS 0x000000070b800000, 0x000000070b800000| Untracked 
| 157|0x000000070b900000, 0x000000070b900000, 0x000000070ba00000|  0%| F|  |TAMS 0x000000070b900000, 0x000000070b900000| Untracked 
| 158|0x000000070ba00000, 0x000000070ba00000, 0x000000070bb00000|  0%| F|  |TAMS 0x000000070ba00000, 0x000000070ba00000| Untracked 
| 159|0x000000070bb00000, 0x000000070bb00000, 0x000000070bc00000|  0%| F|  |TAMS 0x000000070bb00000, 0x000000070bb00000| Untracked 
| 160|0x000000070bc00000, 0x000000070bc00000, 0x000000070bd00000|  0%| F|  |TAMS 0x000000070bc00000, 0x000000070bc00000| Untracked 
| 161|0x000000070bd00000, 0x000000070bd00000, 0x000000070be00000|  0%| F|  |TAMS 0x000000070bd00000, 0x000000070bd00000| Untracked 
| 162|0x000000070be00000, 0x000000070be00000, 0x000000070bf00000|  0%| F|  |TAMS 0x000000070be00000, 0x000000070be00000| Untracked 
| 163|0x000000070bf00000, 0x000000070bf00000, 0x000000070c000000|  0%| F|  |TAMS 0x000000070bf00000, 0x000000070bf00000| Untracked 
| 164|0x000000070c000000, 0x000000070c000000, 0x000000070c100000|  0%| F|  |TAMS 0x000000070c000000, 0x000000070c000000| Untracked 
| 165|0x000000070c100000, 0x000000070c100000, 0x000000070c200000|  0%| F|  |TAMS 0x000000070c100000, 0x000000070c100000| Untracked 
| 166|0x000000070c200000, 0x000000070c200000, 0x000000070c300000|  0%| F|  |TAMS 0x000000070c200000, 0x000000070c200000| Untracked 
| 167|0x000000070c300000, 0x000000070c300000, 0x000000070c400000|  0%| F|  |TAMS 0x000000070c300000, 0x000000070c300000| Untracked 
| 168|0x000000070c400000, 0x000000070c400000, 0x000000070c500000|  0%| F|  |TAMS 0x000000070c400000, 0x000000070c400000| Untracked 
| 169|0x000000070c500000, 0x000000070c500000, 0x000000070c600000|  0%| F|  |TAMS 0x000000070c500000, 0x000000070c500000| Untracked 
| 170|0x000000070c600000, 0x000000070c600000, 0x000000070c700000|  0%| F|  |TAMS 0x000000070c600000, 0x000000070c600000| Untracked 
| 171|0x000000070c700000, 0x000000070c700000, 0x000000070c800000|  0%| F|  |TAMS 0x000000070c700000, 0x000000070c700000| Untracked 
| 172|0x000000070c800000, 0x000000070c800000, 0x000000070c900000|  0%| F|  |TAMS 0x000000070c800000, 0x000000070c800000| Untracked 
| 173|0x000000070c900000, 0x000000070c900000, 0x000000070ca00000|  0%| F|  |TAMS 0x000000070c900000, 0x000000070c900000| Untracked 
| 174|0x000000070ca00000, 0x000000070ca00000, 0x000000070cb00000|  0%| F|  |TAMS 0x000000070ca00000, 0x000000070ca00000| Untracked 
| 175|0x000000070cb00000, 0x000000070cb00000, 0x000000070cc00000|  0%| F|  |TAMS 0x000000070cb00000, 0x000000070cb00000| Untracked 
| 176|0x000000070cc00000, 0x000000070cc00000, 0x000000070cd00000|  0%| F|  |TAMS 0x000000070cc00000, 0x000000070cc00000| Untracked 
| 177|0x000000070cd00000, 0x000000070cd00000, 0x000000070ce00000|  0%| F|  |TAMS 0x000000070cd00000, 0x000000070cd00000| Untracked 
| 178|0x000000070ce00000, 0x000000070ce00000, 0x000000070cf00000|  0%| F|  |TAMS 0x000000070ce00000, 0x000000070ce00000| Untracked 
| 179|0x000000070cf00000, 0x000000070cf00000, 0x000000070d000000|  0%| F|  |TAMS 0x000000070cf00000, 0x000000070cf00000| Untracked 
| 180|0x000000070d000000, 0x000000070d000000, 0x000000070d100000|  0%| F|  |TAMS 0x000000070d000000, 0x000000070d000000| Untracked 
| 181|0x000000070d100000, 0x000000070d100000, 0x000000070d200000|  0%| F|  |TAMS 0x000000070d100000, 0x000000070d100000| Untracked 
| 182|0x000000070d200000, 0x000000070d200000, 0x000000070d300000|  0%| F|  |TAMS 0x000000070d200000, 0x000000070d200000| Untracked 
| 183|0x000000070d300000, 0x000000070d300000, 0x000000070d400000|  0%| F|  |TAMS 0x000000070d300000, 0x000000070d300000| Untracked 
| 184|0x000000070d400000, 0x000000070d400000, 0x000000070d500000|  0%| F|  |TAMS 0x000000070d400000, 0x000000070d400000| Untracked 
| 185|0x000000070d500000, 0x000000070d500000, 0x000000070d600000|  0%| F|  |TAMS 0x000000070d500000, 0x000000070d500000| Untracked 
| 186|0x000000070d600000, 0x000000070d600000, 0x000000070d700000|  0%| F|  |TAMS 0x000000070d600000, 0x000000070d600000| Untracked 
| 187|0x000000070d700000, 0x000000070d700000, 0x000000070d800000|  0%| F|  |TAMS 0x000000070d700000, 0x000000070d700000| Untracked 
| 188|0x000000070d800000, 0x000000070d800000, 0x000000070d900000|  0%| F|  |TAMS 0x000000070d800000, 0x000000070d800000| Untracked 
| 189|0x000000070d900000, 0x000000070d900000, 0x000000070da00000|  0%| F|  |TAMS 0x000000070d900000, 0x000000070d900000| Untracked 
| 190|0x000000070da00000, 0x000000070da00000, 0x000000070db00000|  0%| F|  |TAMS 0x000000070da00000, 0x000000070da00000| Untracked 
| 191|0x000000070db00000, 0x000000070db00000, 0x000000070dc00000|  0%| F|  |TAMS 0x000000070db00000, 0x000000070db00000| Untracked 
| 192|0x000000070dc00000, 0x000000070dc00000, 0x000000070dd00000|  0%| F|  |TAMS 0x000000070dc00000, 0x000000070dc00000| Untracked 
| 193|0x000000070dd00000, 0x000000070dd00000, 0x000000070de00000|  0%| F|  |TAMS 0x000000070dd00000, 0x000000070dd00000| Untracked 
| 194|0x000000070de00000, 0x000000070de00000, 0x000000070df00000|  0%| F|  |TAMS 0x000000070de00000, 0x000000070de00000| Untracked 
| 195|0x000000070df00000, 0x000000070df00000, 0x000000070e000000|  0%| F|  |TAMS 0x000000070df00000, 0x000000070df00000| Untracked 
| 196|0x000000070e000000, 0x000000070e000000, 0x000000070e100000|  0%| F|  |TAMS 0x000000070e000000, 0x000000070e000000| Untracked 
| 197|0x000000070e100000, 0x000000070e100000, 0x000000070e200000|  0%| F|  |TAMS 0x000000070e100000, 0x000000070e100000| Untracked 
| 198|0x000000070e200000, 0x000000070e200000, 0x000000070e300000|  0%| F|  |TAMS 0x000000070e200000, 0x000000070e200000| Untracked 
| 199|0x000000070e300000, 0x000000070e300000, 0x000000070e400000|  0%| F|  |TAMS 0x000000070e300000, 0x000000070e300000| Untracked 
| 200|0x000000070e400000, 0x000000070e400000, 0x000000070e500000|  0%| F|  |TAMS 0x000000070e400000, 0x000000070e400000| Untracked 
| 201|0x000000070e500000, 0x000000070e500000, 0x000000070e600000|  0%| F|  |TAMS 0x000000070e500000, 0x000000070e500000| Untracked 
| 202|0x000000070e600000, 0x000000070e600000, 0x000000070e700000|  0%| F|  |TAMS 0x000000070e600000, 0x000000070e600000| Untracked 
| 203|0x000000070e700000, 0x000000070e700000, 0x000000070e800000|  0%| F|  |TAMS 0x000000070e700000, 0x000000070e700000| Untracked 
| 204|0x000000070e800000, 0x000000070e800000, 0x000000070e900000|  0%| F|  |TAMS 0x000000070e800000, 0x000000070e800000| Untracked 
| 205|0x000000070e900000, 0x000000070e900000, 0x000000070ea00000|  0%| F|  |TAMS 0x000000070e900000, 0x000000070e900000| Untracked 
| 206|0x000000070ea00000, 0x000000070ea00000, 0x000000070eb00000|  0%| F|  |TAMS 0x000000070ea00000, 0x000000070ea00000| Untracked 
| 207|0x000000070eb00000, 0x000000070eb00000, 0x000000070ec00000|  0%| F|  |TAMS 0x000000070eb00000, 0x000000070eb00000| Untracked 
| 208|0x000000070ec00000, 0x000000070ec00000, 0x000000070ed00000|  0%| F|  |TAMS 0x000000070ec00000, 0x000000070ec00000| Untracked 
| 209|0x000000070ed00000, 0x000000070ed00000, 0x000000070ee00000|  0%| F|  |TAMS 0x000000070ed00000, 0x000000070ed00000| Untracked 
| 210|0x000000070ee00000, 0x000000070ee00000, 0x000000070ef00000|  0%| F|  |TAMS 0x000000070ee00000, 0x000000070ee00000| Untracked 
| 211|0x000000070ef00000, 0x000000070ef00000, 0x000000070f000000|  0%| F|  |TAMS 0x000000070ef00000, 0x000000070ef00000| Untracked 
| 212|0x000000070f000000, 0x000000070f000000, 0x000000070f100000|  0%| F|  |TAMS 0x000000070f000000, 0x000000070f000000| Untracked 
| 213|0x000000070f100000, 0x000000070f100000, 0x000000070f200000|  0%| F|  |TAMS 0x000000070f100000, 0x000000070f100000| Untracked 
| 214|0x000000070f200000, 0x000000070f200000, 0x000000070f300000|  0%| F|  |TAMS 0x000000070f200000, 0x000000070f200000| Untracked 
| 215|0x000000070f300000, 0x000000070f300000, 0x000000070f400000|  0%| F|  |TAMS 0x000000070f300000, 0x000000070f300000| Untracked 
| 216|0x000000070f400000, 0x000000070f400000, 0x000000070f500000|  0%| F|  |TAMS 0x000000070f400000, 0x000000070f400000| Untracked 
| 217|0x000000070f500000, 0x000000070f500000, 0x000000070f600000|  0%| F|  |TAMS 0x000000070f500000, 0x000000070f500000| Untracked 
| 218|0x000000070f600000, 0x000000070f600000, 0x000000070f700000|  0%| F|  |TAMS 0x000000070f600000, 0x000000070f600000| Untracked 
| 219|0x000000070f700000, 0x000000070f700000, 0x000000070f800000|  0%| F|  |TAMS 0x000000070f700000, 0x000000070f700000| Untracked 
| 220|0x000000070f800000, 0x000000070f800000, 0x000000070f900000|  0%| F|  |TAMS 0x000000070f800000, 0x000000070f800000| Untracked 
| 221|0x000000070f900000, 0x000000070f900000, 0x000000070fa00000|  0%| F|  |TAMS 0x000000070f900000, 0x000000070f900000| Untracked 
| 222|0x000000070fa00000, 0x000000070fa00000, 0x000000070fb00000|  0%| F|  |TAMS 0x000000070fa00000, 0x000000070fa00000| Untracked 
| 223|0x000000070fb00000, 0x000000070fb00000, 0x000000070fc00000|  0%| F|  |TAMS 0x000000070fb00000, 0x000000070fb00000| Untracked 
| 224|0x000000070fc00000, 0x000000070fc00000, 0x000000070fd00000|  0%| F|  |TAMS 0x000000070fc00000, 0x000000070fc00000| Untracked 
| 225|0x000000070fd00000, 0x000000070fd00000, 0x000000070fe00000|  0%| F|  |TAMS 0x000000070fd00000, 0x000000070fd00000| Untracked 
| 226|0x000000070fe00000, 0x000000070fe00000, 0x000000070ff00000|  0%| F|  |TAMS 0x000000070fe00000, 0x000000070fe00000| Untracked 
| 227|0x000000070ff00000, 0x000000070ff00000, 0x0000000710000000|  0%| F|  |TAMS 0x000000070ff00000, 0x000000070ff00000| Untracked 
| 228|0x0000000710000000, 0x0000000710000000, 0x0000000710100000|  0%| F|  |TAMS 0x0000000710000000, 0x0000000710000000| Untracked 
| 229|0x0000000710100000, 0x0000000710100000, 0x0000000710200000|  0%| F|  |TAMS 0x0000000710100000, 0x0000000710100000| Untracked 
| 230|0x0000000710200000, 0x0000000710200000, 0x0000000710300000|  0%| F|  |TAMS 0x0000000710200000, 0x0000000710200000| Untracked 
| 231|0x0000000710300000, 0x0000000710300000, 0x0000000710400000|  0%| F|  |TAMS 0x0000000710300000, 0x0000000710300000| Untracked 
| 232|0x0000000710400000, 0x0000000710400000, 0x0000000710500000|  0%| F|  |TAMS 0x0000000710400000, 0x0000000710400000| Untracked 
| 233|0x0000000710500000, 0x0000000710500000, 0x0000000710600000|  0%| F|  |TAMS 0x0000000710500000, 0x0000000710500000| Untracked 
| 234|0x0000000710600000, 0x0000000710600000, 0x0000000710700000|  0%| F|  |TAMS 0x0000000710600000, 0x0000000710600000| Untracked 
| 235|0x0000000710700000, 0x0000000710700000, 0x0000000710800000|  0%| F|  |TAMS 0x0000000710700000, 0x0000000710700000| Untracked 
| 236|0x0000000710800000, 0x0000000710800000, 0x0000000710900000|  0%| F|  |TAMS 0x0000000710800000, 0x0000000710800000| Untracked 
| 237|0x0000000710900000, 0x0000000710900000, 0x0000000710a00000|  0%| F|  |TAMS 0x0000000710900000, 0x0000000710900000| Untracked 
| 238|0x0000000710a00000, 0x0000000710a00000, 0x0000000710b00000|  0%| F|  |TAMS 0x0000000710a00000, 0x0000000710a00000| Untracked 
| 239|0x0000000710b00000, 0x0000000710b00000, 0x0000000710c00000|  0%| F|  |TAMS 0x0000000710b00000, 0x0000000710b00000| Untracked 
| 240|0x0000000710c00000, 0x0000000710c00000, 0x0000000710d00000|  0%| F|  |TAMS 0x0000000710c00000, 0x0000000710c00000| Untracked 
| 241|0x0000000710d00000, 0x0000000710d00000, 0x0000000710e00000|  0%| F|  |TAMS 0x0000000710d00000, 0x0000000710d00000| Untracked 
| 242|0x0000000710e00000, 0x0000000710e00000, 0x0000000710f00000|  0%| F|  |TAMS 0x0000000710e00000, 0x0000000710e00000| Untracked 
| 243|0x0000000710f00000, 0x0000000710f00000, 0x0000000711000000|  0%| F|  |TAMS 0x0000000710f00000, 0x0000000710f00000| Untracked 
| 244|0x0000000711000000, 0x0000000711000000, 0x0000000711100000|  0%| F|  |TAMS 0x0000000711000000, 0x0000000711000000| Untracked 
| 245|0x0000000711100000, 0x0000000711100000, 0x0000000711200000|  0%| F|  |TAMS 0x0000000711100000, 0x0000000711100000| Untracked 
| 246|0x0000000711200000, 0x0000000711200000, 0x0000000711300000|  0%| F|  |TAMS 0x0000000711200000, 0x0000000711200000| Untracked 
| 247|0x0000000711300000, 0x000000071133da10, 0x0000000711400000| 24%| S|CS|TAMS 0x0000000711300000, 0x0000000711300000| Complete 
| 248|0x0000000711400000, 0x0000000711500000, 0x0000000711500000|100%| S|CS|TAMS 0x0000000711400000, 0x0000000711400000| Complete 
| 249|0x0000000711500000, 0x0000000711600000, 0x0000000711600000|100%| S|CS|TAMS 0x0000000711500000, 0x0000000711500000| Complete 
| 250|0x0000000711600000, 0x0000000711700000, 0x0000000711700000|100%| S|CS|TAMS 0x0000000711600000, 0x0000000711600000| Complete 
| 251|0x0000000711700000, 0x0000000711800000, 0x0000000711800000|100%| S|CS|TAMS 0x0000000711700000, 0x0000000711700000| Complete 
| 252|0x0000000711800000, 0x0000000711800000, 0x0000000711900000|  0%| F|  |TAMS 0x0000000711800000, 0x0000000711800000| Untracked 
| 253|0x0000000711900000, 0x0000000711900000, 0x0000000711a00000|  0%| F|  |TAMS 0x0000000711900000, 0x0000000711900000| Untracked 
| 254|0x0000000711a00000, 0x0000000711a00000, 0x0000000711b00000|  0%| F|  |TAMS 0x0000000711a00000, 0x0000000711a00000| Untracked 
| 255|0x0000000711b00000, 0x0000000711b80000, 0x0000000711c00000| 50%| E|  |TAMS 0x0000000711b00000, 0x0000000711b00000| Complete 

Card table byte_map: [0x000001edd94d0000,0x000001edd9cd0000] _byte_map_base: 0x000001edd5cc2000

Marking Bits (Prev, Next): (CMBitMap*) 0x000001edbf310988, (CMBitMap*) 0x000001edbf3109c0
 Prev Bits: [0x000001edda4d0000, 0x000001edde460000)
 Next Bits: [0x000001edde460000, 0x000001ede23f0000)

Polling page: 0x000001edbf150000

Metaspace:

Usage:
  Non-class:     24.79 MB capacity,    24.36 MB ( 98%) used,   362.24 KB (  1%) free+waste,    79.63 KB ( <1%) overhead. 
      Class:      3.36 MB capacity,     3.09 MB ( 92%) used,   246.02 KB (  7%) free+waste,    37.63 KB (  1%) overhead. 
       Both:     28.16 MB capacity,    27.45 MB ( 97%) used,   608.27 KB (  2%) free+waste,   117.25 KB ( <1%) overhead. 

Virtual space:
  Non-class space:       32.00 MB reserved,      25.00 MB ( 78%) committed 
      Class space:        1.00 GB reserved,       3.38 MB ( <1%) committed 
             Both:        1.03 GB reserved,      28.38 MB (  3%) committed 

Chunk freelists:
   Non-Class:  20.00 KB
       Class:  11.00 KB
        Both:  31.00 KB

MaxMetaspaceSize: 17179869184.00 GB
CompressedClassSpaceSize: 1.00 GB
Initial GC threshold: 20.80 MB
Current GC threshold: 47.29 MB
CDS: off

CodeHeap 'non-profiled nmethods': size=120000Kb used=1068Kb max_used=1068Kb free=118931Kb
 bounds [0x000001edd0d30000, 0x000001edd0fa0000, 0x000001edd8260000]
CodeHeap 'profiled nmethods': size=120000Kb used=4640Kb max_used=4640Kb free=115359Kb
 bounds [0x000001edc9800000, 0x000001edc9c90000, 0x000001edd0d30000]
CodeHeap 'non-nmethods': size=5760Kb used=1185Kb max_used=1212Kb free=4574Kb
 bounds [0x000001edc9260000, 0x000001edc94d0000, 0x000001edc9800000]
 total_blobs=2683 nmethods=2238 adapters=357
 compilation: enabled
              stopped_count=0, restarted_count=0
 full_count=0

Compilation events (20 events):
Event: 3.269 Thread 0x000001ede58a0000 2215       3       java.lang.invoke.MethodHandles$Lookup::checkMethodName (43 bytes)
Event: 3.270 Thread 0x000001ede58a0000 nmethod 2215 0x000001edc9c78310 code [0x000001edc9c78580, 0x000001edc9c78ee8]
Event: 3.284 Thread 0x000001ede58a3800 nmethod 2176 0x000001edd0e34410 code [0x000001edd0e34680, 0x000001edd0e36580]
Event: 3.284 Thread 0x000001ede58a3800 2212   !   4       java.net.URL::<init> (543 bytes)
Event: 3.285 Thread 0x000001ede58a0000 2217   !   3       java.lang.ref.ReferenceQueue::remove (125 bytes)
Event: 3.286 Thread 0x000001ede58a0000 nmethod 2217 0x000001edc9c79290 code [0x000001edc9c794c0, 0x000001edc9c79d38]
Event: 3.286 Thread 0x000001ede58a0000 2219   !   3       jdk.internal.ref.PhantomCleanable::isListEmpty (34 bytes)
Event: 3.287 Thread 0x000001ede58a0000 nmethod 2219 0x000001edc9c7a090 code [0x000001edc9c7a240, 0x000001edc9c7a578]
Event: 3.287 Thread 0x000001ede58a0000 2220       3       jdk.internal.misc.InnocuousThread::eraseThreadLocals (23 bytes)
Event: 3.287 Thread 0x000001ede58a0000 nmethod 2220 0x000001edc9c7a690 code [0x000001edc9c7a840, 0x000001edc9c7aa38]
Event: 3.287 Thread 0x000001ede58a0000 2218   !   3       java.lang.Class::getTypeName (76 bytes)
Event: 3.289 Thread 0x000001ede58a0000 nmethod 2218 0x000001edc9c7ab10 code [0x000001edc9c7ade0, 0x000001edc9c7bad8]
Event: 3.318 Thread 0x000001ede58a0000 2221       3       org.apache.commons.logging.LogAdapter$Slf4jLog::isTraceEnabled (10 bytes)
Event: 3.318 Thread 0x000001ede58a0000 nmethod 2221 0x000001edc9c7c090 code [0x000001edc9c7c260, 0x000001edc9c7c468]
Event: 3.319 Thread 0x000001ede58a0000 2222       3       java.lang.String::compareTo (9 bytes)
Event: 3.319 Thread 0x000001ede58a0000 nmethod 2222 0x000001edc9c7c590 code [0x000001edc9c7c760, 0x000001edc9c7c988]
Event: 3.320 Thread 0x000001ede58a0000 2224       3       java.util.TreeMap::setColor (10 bytes)
Event: 3.320 Thread 0x000001ede58a0000 nmethod 2224 0x000001edc9c7ca90 code [0x000001edc9c7cc40, 0x000001edc9c7cd58]
Event: 3.320 Thread 0x000001ede58a0000 2225       3       java.util.TreeMap::leftOf (13 bytes)
Event: 3.320 Thread 0x000001ede58a0000 nmethod 2225 0x000001edc9c7ce10 code [0x000001edc9c7cfc0, 0x000001edc9c7d118]

GC Heap History (6 events):
Event: 1.061 GC heap before
{Heap before GC invocations=0 (full 0):
 garbage-first heap   total 262144K, used 24576K [0x0000000701c00000, 0x0000000800000000)
  region size 1024K, 24 young (24576K), 0 survivors (0K)
 Metaspace       used 11703K, capacity 11911K, committed 12160K, reserved 1060864K
  class space    used 1091K, capacity 1135K, committed 1152K, reserved 1048576K
}
Event: 1.067 GC heap after
{Heap after GC invocations=1 (full 0):
 garbage-first heap   total 262144K, used 7711K [0x0000000701c00000, 0x0000000800000000)
  region size 1024K, 3 young (3072K), 3 survivors (3072K)
 Metaspace       used 11703K, capacity 11911K, committed 12160K, reserved 1060864K
  class space    used 1091K, capacity 1135K, committed 1152K, reserved 1048576K
}
Event: 2.641 GC heap before
{Heap before GC invocations=1 (full 0):
 garbage-first heap   total 262144K, used 54815K [0x0000000701c00000, 0x0000000800000000)
  region size 1024K, 50 young (51200K), 3 survivors (3072K)
 Metaspace       used 20579K, capacity 21114K, committed 21248K, reserved 1069056K
  class space    used 2258K, capacity 2467K, committed 2560K, reserved 1048576K
}
Event: 2.651 GC heap after
{Heap after GC invocations=2 (full 0):
 garbage-first heap   total 262144K, used 9709K [0x0000000701c00000, 0x0000000800000000)
  region size 1024K, 5 young (5120K), 5 survivors (5120K)
 Metaspace       used 20579K, capacity 21114K, committed 21248K, reserved 1069056K
  class space    used 2258K, capacity 2467K, committed 2560K, reserved 1048576K
}
Event: 3.271 GC heap before
{Heap before GC invocations=3 (full 0):
 garbage-first heap   total 262144K, used 56813K [0x0000000701c00000, 0x0000000800000000)
  region size 1024K, 52 young (53248K), 5 survivors (5120K)
 Metaspace       used 27775K, capacity 28527K, committed 28800K, reserved 1075200K
  class space    used 3120K, capacity 3407K, committed 3456K, reserved 1048576K
}
Event: 3.280 GC heap after
{Heap after GC invocations=4 (full 0):
 garbage-first heap   total 262144K, used 11440K [0x0000000701c00000, 0x0000000800000000)
  region size 1024K, 5 young (5120K), 5 survivors (5120K)
 Metaspace       used 27775K, capacity 28527K, committed 28800K, reserved 1075200K
  class space    used 3120K, capacity 3407K, committed 3456K, reserved 1048576K
}

Deoptimization events (20 events):
Event: 2.737 Thread 0x000001edbf2ae000 Uncommon trap: trap_request=0xffffff4d fr.pc=0x000001edd0db27e0 relative=0x0000000000000d20
Event: 2.737 Thread 0x000001edbf2ae000 Uncommon trap: reason=unstable_if action=reinterpret pc=0x000001edd0db27e0 method=java.util.concurrent.ConcurrentHashMap.addCount(JI)V @ 34 c2
Event: 2.737 Thread 0x000001edbf2ae000 DEOPT PACKING pc=0x000001edd0db27e0 sp=0x000000600f4fbc90
Event: 2.737 Thread 0x000001edbf2ae000 DEOPT UNPACKING pc=0x000001edc92aa1af sp=0x000000600f4fbb70 mode 2
Event: 2.738 Thread 0x000001ede6a04000 Uncommon trap: trap_request=0xffffff4d fr.pc=0x000001edd0de282c relative=0x000000000000014c
Event: 2.738 Thread 0x000001ede6a04000 Uncommon trap: reason=unstable_if action=reinterpret pc=0x000001edd0de282c method=java.util.concurrent.ConcurrentHashMap.addCount(JI)V @ 7 c2
Event: 2.738 Thread 0x000001ede6a04000 DEOPT PACKING pc=0x000001edd0de282c sp=0x0000006010efc8e0
Event: 2.738 Thread 0x000001ede6a04000 DEOPT UNPACKING pc=0x000001edc92aa1af sp=0x0000006010efc840 mode 2
Event: 3.221 Thread 0x000001ede6a04000 Uncommon trap: trap_request=0xffffff4d fr.pc=0x000001edd0e0ad8c relative=0x000000000000046c
Event: 3.221 Thread 0x000001ede6a04000 Uncommon trap: reason=unstable_if action=reinterpret pc=0x000001edd0e0ad8c method=jdk.internal.org.objectweb.asm.Type.getArgumentsAndReturnSizes(Ljava/lang/String;)I @ 47 c2
Event: 3.221 Thread 0x000001ede6a04000 DEOPT PACKING pc=0x000001edd0e0ad8c sp=0x0000006010efc3d0
Event: 3.221 Thread 0x000001ede6a04000 DEOPT UNPACKING pc=0x000001edc92aa1af sp=0x0000006010efc360 mode 2
Event: 3.221 Thread 0x000001ede6a04000 Uncommon trap: trap_request=0xffffff4d fr.pc=0x000001edd0e20c2c relative=0x00000000000039ec
Event: 3.221 Thread 0x000001ede6a04000 Uncommon trap: reason=unstable_if action=reinterpret pc=0x000001edd0e20c2c method=jdk.internal.org.objectweb.asm.Frame.push(Ljdk/internal/org/objectweb/asm/ClassWriter;Ljava/lang/String;)V @ 18 c2
Event: 3.221 Thread 0x000001ede6a04000 DEOPT PACKING pc=0x000001edd0e20c2c sp=0x0000006010efc3d0
Event: 3.221 Thread 0x000001ede6a04000 DEOPT UNPACKING pc=0x000001edc92aa1af sp=0x0000006010efc2f0 mode 2
Event: 3.242 Thread 0x000001edbf2ae000 Uncommon trap: trap_request=0xffffff4d fr.pc=0x000001edd0d5da4c relative=0x000000000000066c
Event: 3.242 Thread 0x000001edbf2ae000 Uncommon trap: reason=unstable_if action=reinterpret pc=0x000001edd0d5da4c method=java.util.jar.Manifest$FastInputStream.readLine([BII)I @ 130 c2
Event: 3.242 Thread 0x000001edbf2ae000 DEOPT PACKING pc=0x000001edd0d5da4c sp=0x000000600f4fc3b0
Event: 3.242 Thread 0x000001edbf2ae000 DEOPT UNPACKING pc=0x000001edc92aa1af sp=0x000000600f4fc340 mode 2

Classes redefined (0 events):
No events

Internal exceptions (20 events):
Event: 3.004 Thread 0x000001edbf2ae000 Exception <a 'java/lang/ClassNotFoundException'{0x00000007105ddbb0}: java/lang/ObjectCustomizer> (0x00000007105ddbb0) thrown at [./src/hotspot/share/classfile/systemDictionary.cpp, line 233]
Event: 3.011 Thread 0x000001edbf2ae000 Exception <a 'java/lang/ClassNotFoundException'{0x00000007104e2220}: org/springframework/context/annotation/ConfigurationClassPostProcessorCustomizer> (0x00000007104e2220) thrown at [./src/hotspot/share/classfile/systemDictionary.cpp, line 233]
Event: 3.015 Thread 0x000001edbf2ae000 Exception <a 'java/lang/ClassNotFoundException'{0x000000071036c6d0}: org/springframework/beans/factory/support/BeanDefinitionRegistryPostProcessorCustomizer> (0x000000071036c6d0) thrown at [./src/hotspot/share/classfile/systemDictionary.cpp, line 233]
Event: 3.016 Thread 0x000001edbf2ae000 Exception <a 'java/lang/ClassNotFoundException'{0x0000000710384a70}: org/springframework/beans/factory/config/BeanFactoryPostProcessorCustomizer> (0x0000000710384a70) thrown at [./src/hotspot/share/classfile/systemDictionary.cpp, line 233]
Event: 3.017 Thread 0x000001edbf2ae000 Exception <a 'java/lang/ClassNotFoundException'{0x00000007103982b0}: org/springframework/core/PriorityOrderedCustomizer> (0x00000007103982b0) thrown at [./src/hotspot/share/classfile/systemDictionary.cpp, line 233]
Event: 3.017 Thread 0x000001edbf2ae000 Exception <a 'java/lang/ClassNotFoundException'{0x00000007103a95b0}: org/springframework/core/OrderedCustomizer> (0x00000007103a95b0) thrown at [./src/hotspot/share/classfile/systemDictionary.cpp, line 233]
Event: 3.018 Thread 0x000001edbf2ae000 Exception <a 'java/lang/ClassNotFoundException'{0x00000007103bdc80}: org/springframework/context/ResourceLoaderAwareCustomizer> (0x00000007103bdc80) thrown at [./src/hotspot/share/classfile/systemDictionary.cpp, line 233]
Event: 3.019 Thread 0x000001edbf2ae000 Exception <a 'java/lang/ClassNotFoundException'{0x00000007103d11e0}: org/springframework/beans/factory/AwareCustomizer> (0x00000007103d11e0) thrown at [./src/hotspot/share/classfile/systemDictionary.cpp, line 233]
Event: 3.020 Thread 0x000001edbf2ae000 Exception <a 'java/lang/ClassNotFoundException'{0x0000000710205c40}: org/springframework/context/ApplicationStartupAwareCustomizer> (0x0000000710205c40) thrown at [./src/hotspot/share/classfile/systemDictionary.cpp, line 233]
Event: 3.020 Thread 0x000001edbf2ae000 Exception <a 'java/lang/ClassNotFoundException'{0x0000000710219418}: org/springframework/beans/factory/AwareCustomizer> (0x0000000710219418) thrown at [./src/hotspot/share/classfile/systemDictionary.cpp, line 233]
Event: 3.021 Thread 0x000001edbf2ae000 Exception <a 'java/lang/ClassNotFoundException'{0x000000071022e170}: org/springframework/beans/factory/BeanClassLoaderAwareCustomizer> (0x000000071022e170) thrown at [./src/hotspot/share/classfile/systemDictionary.cpp, line 233]
Event: 3.022 Thread 0x000001edbf2ae000 Exception <a 'java/lang/ClassNotFoundException'{0x00000007102416e8}: org/springframework/beans/factory/AwareCustomizer> (0x00000007102416e8) thrown at [./src/hotspot/share/classfile/systemDictionary.cpp, line 233]
Event: 3.022 Thread 0x000001edbf2ae000 Exception <a 'java/lang/ClassNotFoundException'{0x0000000710254b20}: org/springframework/context/EnvironmentAwareCustomizer> (0x0000000710254b20) thrown at [./src/hotspot/share/classfile/systemDictionary.cpp, line 233]
Event: 3.023 Thread 0x000001edbf2ae000 Exception <a 'java/lang/ClassNotFoundException'{0x0000000710268010}: org/springframework/beans/factory/AwareCustomizer> (0x0000000710268010) thrown at [./src/hotspot/share/classfile/systemDictionary.cpp, line 233]
Event: 3.221 Thread 0x000001ede6a04000 Exception <a 'java/lang/NoSuchMethodError'{0x000000070f29c398}: 'long java.lang.invoke.DirectMethodHandle$Holder.invokeSpecial(java.lang.Object, java.lang.Object)'> (0x000000070f29c398) thrown at [./src/hotspot/share/interpreter/linkResolver.cpp, line 773]
Event: 3.225 Thread 0x000001ede6a04000 Exception <a 'java/lang/NoSuchMethodError'{0x000000070f2a66e8}: 'long java.lang.invoke.DirectMethodHandle$Holder.invokeStatic(java.lang.Object, java.lang.Object)'> (0x000000070f2a66e8) thrown at [./src/hotspot/share/interpreter/linkResolver.cpp, line 773]
Event: 3.225 Thread 0x000001ede6a04000 Exception <a 'java/lang/NoSuchMethodError'{0x000000070f2a9510}: 'long java.lang.invoke.DirectMethodHandle$Holder.invokeStaticInit(java.lang.Object, java.lang.Object)'> (0x000000070f2a9510) thrown at [./src/hotspot/share/interpreter/linkResolver.cpp, line 773]
Event: 3.232 Thread 0x000001ede6a04000 Exception <a 'java/lang/NoSuchMethodError'{0x000000070f1d62b8}: 'long java.lang.invoke.DirectMethodHandle$Holder.invokeInterface(java.lang.Object, java.lang.Object)'> (0x000000070f1d62b8) thrown at [./src/hotspot/share/interpreter/linkResolver.cpp, line 773]
Event: 3.232 Thread 0x000001ede6a04000 Exception <a 'java/lang/IncompatibleClassChangeError'{0x000000070f1d9050}: Found class java.lang.Object, but interface was expected> (0x000000070f1d9050) thrown at [./src/hotspot/share/interpreter/linkResolver.cpp, line 839]
Event: 3.263 Thread 0x000001ede6a04000 Exception <a 'java/lang/NoSuchMethodError'{0x000000070ed5d4b8}: 'java.lang.Object java.lang.invoke.DirectMethodHandle$Holder.invokeVirtual(java.lang.Object, java.lang.Object, java.lang.Object, java.lang.Object)'> (0x000000070ed5d4b8) thrown at [./src/hotspot/share/interpreter/linkResolver.cpp, line 773]

Events (20 events):
Event: 3.314 loading class org/springframework/web/filter/GenericFilterBean
Event: 3.314 loading class org/springframework/web/filter/GenericFilterBean done
Event: 3.314 loading class javax/servlet/Filter
Event: 3.314 loading class javax/servlet/Filter done
Event: 3.315 loading class javax/servlet/MultipartConfigElement
Event: 3.315 loading class javax/servlet/MultipartConfigElement done
Event: 3.316 loading class org/springframework/web/multipart/support/StandardServletMultipartResolver
Event: 3.316 loading class org/springframework/web/multipart/support/StandardServletMultipartResolver done
Event: 3.316 loading class org/springframework/web/multipart/MultipartResolver
Event: 3.316 loading class org/springframework/web/multipart/MultipartResolver done
Event: 3.317 loading class org/springframework/web/socket/config/annotation/WebSocketMessageBrokerConfigurer
Event: 3.317 loading class org/springframework/web/socket/config/annotation/WebSocketMessageBrokerConfigurer done
Event: 3.317 loading class org/springframework/ws/transport/http/MessageDispatcherServlet
Event: 3.317 loading class org/springframework/ws/transport/http/MessageDispatcherServlet done
Event: 3.317 loading class org/springframework/oxm/Marshaller
Event: 3.317 loading class org/springframework/oxm/Marshaller done
Event: 3.318 loading class org/springframework/boot/autoconfigure/condition/ConditionEvaluationReport$ConditionAndOutcomes
Event: 3.318 loading class org/springframework/boot/autoconfigure/condition/ConditionEvaluationReport$ConditionAndOutcomes done
Event: 3.318 loading class org/springframework/boot/autoconfigure/condition/ConditionEvaluationReport$ConditionAndOutcome
Event: 3.318 loading class org/springframework/boot/autoconfigure/condition/ConditionEvaluationReport$ConditionAndOutcome done


Dynamic libraries:
0x00007ff653680000 - 0x00007ff65368d000 	C:\Users\HP PC\.jdks\azul-11.0.17\bin\java.exe
0x00007ffe0f2d0000 - 0x00007ffe0f4c7000 	C:\Windows\SYSTEM32\ntdll.dll
0x00007ffe0da70000 - 0x00007ffe0db2d000 	C:\Windows\System32\KERNEL32.DLL
0x00007ffe0cdb0000 - 0x00007ffe0d0a6000 	C:\Windows\System32\KERNELBASE.dll
0x00007ffe0ccb0000 - 0x00007ffe0cdb0000 	C:\Windows\System32\ucrtbase.dll
0x00007ffe08000000 - 0x00007ffe08015000 	C:\Users\HP PC\.jdks\azul-11.0.17\bin\VCRUNTIME140.dll
0x00007ffe08020000 - 0x00007ffe08037000 	C:\Users\HP PC\.jdks\azul-11.0.17\bin\jli.dll
0x00007ffe0dfb0000 - 0x00007ffe0e14e000 	C:\Windows\System32\USER32.dll
0x00007ffdf18b0000 - 0x00007ffdf1b4a000 	C:\Windows\WinSxS\amd64_microsoft.windows.common-controls_6595b64144ccf1df_6.0.19041.3570_none_60bb2a3971f3e41a\COMCTL32.dll
0x00007ffe0d250000 - 0x00007ffe0d272000 	C:\Windows\System32\win32u.dll
0x00007ffe0dcb0000 - 0x00007ffe0dd4e000 	C:\Windows\System32\msvcrt.dll
0x00007ffe0eb90000 - 0x00007ffe0ebbc000 	C:\Windows\System32\GDI32.dll
0x00007ffe0cb90000 - 0x00007ffe0ccaa000 	C:\Windows\System32\gdi32full.dll
0x00007ffe0d140000 - 0x00007ffe0d1dd000 	C:\Windows\System32\msvcp_win.dll
0x00007ffe0f1b0000 - 0x00007ffe0f1e0000 	C:\Windows\System32\IMM32.DLL
0x00007ffdf48f0000 - 0x00007ffdf498b000 	C:\Users\HP PC\.jdks\azul-11.0.17\bin\msvcp140.dll
0x00007ffdcf550000 - 0x00007ffdd00e4000 	C:\Users\HP PC\.jdks\azul-11.0.17\bin\server\jvm.dll
0x00007ffe0e200000 - 0x00007ffe0e2ae000 	C:\Windows\System32\ADVAPI32.dll
0x00007ffe0f1e0000 - 0x00007ffe0f27c000 	C:\Windows\System32\sechost.dll
0x00007ffe0de80000 - 0x00007ffe0dfa6000 	C:\Windows\System32\RPCRT4.dll
0x00007ffe0f280000 - 0x00007ffe0f288000 	C:\Windows\System32\PSAPI.DLL
0x00007ffdf1100000 - 0x00007ffdf1109000 	C:\Windows\SYSTEM32\WSOCK32.dll
0x00007ffdec740000 - 0x00007ffdec767000 	C:\Windows\SYSTEM32\WINMM.dll
0x00007ffe05020000 - 0x00007ffe0502a000 	C:\Windows\SYSTEM32\VERSION.dll
0x00007ffe0f140000 - 0x00007ffe0f1ab000 	C:\Windows\System32\WS2_32.dll
0x00007ffe0b1a0000 - 0x00007ffe0b1b2000 	C:\Windows\SYSTEM32\kernel.appcore.dll
0x00007ffe080f0000 - 0x00007ffe08100000 	C:\Users\HP PC\.jdks\azul-11.0.17\bin\verify.dll
0x00007ffe0a5a0000 - 0x00007ffe0a784000 	C:\Windows\SYSTEM32\DBGHELP.DLL
0x00007ffdeabd0000 - 0x00007ffdeac04000 	C:\Windows\SYSTEM32\dbgcore.DLL
0x00007ffe0d0b0000 - 0x00007ffe0d132000 	C:\Windows\System32\bcryptPrimitives.dll
0x00007ffe07fd0000 - 0x00007ffe07ff8000 	C:\Users\HP PC\.jdks\azul-11.0.17\bin\java.dll
0x00007ffe07070000 - 0x00007ffe0707a000 	C:\Users\HP PC\.jdks\azul-11.0.17\bin\jimage.dll
0x00007ffdf7d40000 - 0x00007ffdf7d4e000 	C:\Users\HP PC\.jdks\azul-11.0.17\bin\instrument.dll
0x00007ffe049c0000 - 0x00007ffe049d8000 	C:\Users\HP PC\.jdks\azul-11.0.17\bin\zip.dll
0x00007ffe0e320000 - 0x00007ffe0ea64000 	C:\Windows\System32\SHELL32.dll
0x00007ffe0a9f0000 - 0x00007ffe0b18b000 	C:\Windows\SYSTEM32\windows.storage.dll
0x00007ffe0d500000 - 0x00007ffe0d854000 	C:\Windows\System32\combase.dll
0x00007ffe0c380000 - 0x00007ffe0c3ad000 	C:\Windows\SYSTEM32\Wldp.dll
0x00007ffe0f090000 - 0x00007ffe0f13d000 	C:\Windows\System32\SHCORE.dll
0x00007ffe0e2c0000 - 0x00007ffe0e315000 	C:\Windows\System32\shlwapi.dll
0x00007ffe0c8e0000 - 0x00007ffe0c905000 	C:\Windows\SYSTEM32\profapi.dll
0x00007ffdf7d20000 - 0x00007ffdf7d39000 	C:\Users\HP PC\.jdks\azul-11.0.17\bin\net.dll
0x00007ffe032a0000 - 0x00007ffe033aa000 	C:\Windows\SYSTEM32\WINHTTP.dll
0x00007ffe0c090000 - 0x00007ffe0c0fa000 	C:\Windows\system32\mswsock.dll
0x00007ffdee030000 - 0x00007ffdee043000 	C:\Users\HP PC\.jdks\azul-11.0.17\bin\nio.dll
0x00007ffddad10000 - 0x00007ffddad2a000 	C:\Program Files\JetBrains\IntelliJ IDEA 2022.2.3\bin\breakgen64.dll
0x00007ffdf7d10000 - 0x00007ffdf7d19000 	C:\Users\HP PC\.jdks\azul-11.0.17\bin\management.dll
0x00007ffdf71d0000 - 0x00007ffdf71db000 	C:\Users\HP PC\.jdks\azul-11.0.17\bin\management_ext.dll
0x00007ffde8400000 - 0x00007ffde8417000 	C:\Windows\system32\napinsp.dll
0x00007ffde83e0000 - 0x00007ffde83fb000 	C:\Windows\system32\pnrpnsp.dll
0x00007ffe074a0000 - 0x00007ffe074b5000 	C:\Windows\system32\wshbth.dll
0x00007ffe07f40000 - 0x00007ffe07f5d000 	C:\Windows\system32\NLAapi.dll
0x00007ffe0bd30000 - 0x00007ffe0bd6b000 	C:\Windows\SYSTEM32\IPHLPAPI.DLL
0x00007ffe0bd80000 - 0x00007ffe0be4a000 	C:\Windows\SYSTEM32\DNSAPI.dll
0x00007ffe0e2b0000 - 0x00007ffe0e2b8000 	C:\Windows\System32\NSI.dll
0x00007ffde83c0000 - 0x00007ffde83d2000 	C:\Windows\System32\winrnr.dll
0x00007ffe05000000 - 0x00007ffe0500a000 	C:\Windows\System32\rasadhlp.dll
0x00007ffdfa380000 - 0x00007ffdfa402000 	C:\Windows\System32\fwpuclnt.dll
0x00007ffe0cb60000 - 0x00007ffe0cb87000 	C:\Windows\System32\bcrypt.dll

dbghelp: loaded successfully - version: 4.0.5 - missing functions: none
symbol engine: initialized successfully - sym options: 0x614 - pdb path: .;C:\Users\HP PC\.jdks\azul-11.0.17\bin;C:\Windows\SYSTEM32;C:\Windows\WinSxS\amd64_microsoft.windows.common-controls_6595b64144ccf1df_6.0.19041.3570_none_60bb2a3971f3e41a;C:\Users\HP PC\.jdks\azul-11.0.17\bin\server;C:\Program Files\JetBrains\IntelliJ IDEA 2022.2.3\bin

VM Arguments:
jvm_args: -ea -Didea.test.cyclic.buffer.size=1048576 -javaagent:C:\Program Files\JetBrains\IntelliJ IDEA 2022.2.3\lib\idea_rt.jar=54354:C:\Program Files\JetBrains\IntelliJ IDEA 2022.2.3\bin -Dfile.encoding=UTF-8 
java_command: com.intellij.rt.junit.JUnitStarter -ideVersion5 -junit4 tn.esprit.spring.kaddem.services.ContratServiceImplTest,testRetrieveAllContrats
java_class_path (initial): C:\Program Files\JetBrains\IntelliJ IDEA 2022.2.3\lib\idea_rt.jar;C:\Program Files\JetBrains\IntelliJ IDEA 2022.2.3\plugins\junit\lib\junit5-rt.jar;C:\Program Files\JetBrains\IntelliJ IDEA 2022.2.3\plugins\junit\lib\junit-rt.jar;C:\Users\HP PC\Desktop\devops\5SAE6_G3_KADDEM\target\test-classes;C:\Users\HP PC\Desktop\devops\5SAE6_G3_KADDEM\target\classes;C:\Users\HP PC\.m2\repository\org\apache\logging\log4j\log4j-api\2.14.1\log4j-api-2.14.1.jar;C:\Users\HP PC\.m2\repository\org\springframework\boot\spring-boot-starter-data-jpa\2.7.5\spring-boot-starter-data-jpa-2.7.5.jar;C:\Users\HP PC\.m2\repository\org\springframework\boot\spring-boot-starter-aop\2.7.5\spring-boot-starter-aop-2.7.5.jar;C:\Users\HP PC\.m2\repository\org\springframework\spring-aop\5.3.23\spring-aop-5.3.23.jar;C:\Users\HP PC\.m2\repository\org\aspectj\aspectjweaver\1.9.7\aspectjweaver-1.9.7.jar;C:\Users\HP PC\.m2\repository\org\springframework\boot\spring-boot-starter-jdbc\2.7.5\spring-boot-starter-jdbc-2.7.5.jar;C:\Users\HP PC\.m2\repository\com\zaxxer\HikariCP\4.0.3\HikariCP-4.0.3.jar;C:\Users\HP PC\.m2\repository\org\springframework\spring-jdbc\5.3.23\spring-jdbc-5.3.23.jar;C:\Users\HP PC\.m2\repository\jakarta\transaction\jakarta.transaction-api\1.3.3\jakarta.transaction-api-1.3.3.jar;C:\Users\HP PC\.m2\repository\jakarta\persistence\jakarta.persistence-api\2.2.3\jakarta.persistence-api-2.2.3.jar;C:\Users\HP PC\.m2\repository\org\hibernate\hibernate-core\5.6.12.Final\hibernate-core-5.6.12.Final.jar;C:\Users\HP PC\.m2\repository\org\jboss\logging\jboss-logging\3.4.3.Final\jboss-logging-3.4.3.Final.jar;C:\Users\HP PC\.m2\repository\net\bytebuddy\byte-buddy\1.12.18\byte-buddy-1.12.18.jar;C:\Users\HP PC\.m2\repository\antlr\antlr\2.7.7\antlr-2.7.7.jar;C:\Users\HP PC\.m2\repository\org\jboss\jandex\2.4.2.Final\jandex-2.4.2.Final.jar;C:\Users\HP PC\.m2\repository\com\fasterxml\classmate\1.5.1\classmate-1.5.1.jar;C:\Users\HP PC\.m2\repository\org\hibernate\common\hibernate-c
Launcher Type: SUN_STANDARD

[Global flags]
     intx CICompilerCount                          = 4                                         {product} {ergonomic}
     uint ConcGCThreads                            = 2                                         {product} {ergonomic}
     uint G1ConcRefinementThreads                  = 8                                         {product} {ergonomic}
   size_t G1HeapRegionSize                         = 1048576                                   {product} {ergonomic}
    uintx GCDrainStackTargetSize                   = 64                                        {product} {ergonomic}
   size_t InitialHeapSize                          = 268435456                                 {product} {ergonomic}
   size_t MarkStackSize                            = 4194304                                   {product} {ergonomic}
   size_t MaxHeapSize                              = 4265607168                                {product} {ergonomic}
   size_t MaxNewSize                               = 2558525440                                {product} {ergonomic}
   size_t MinHeapDeltaBytes                        = 1048576                                   {product} {ergonomic}
    uintx NonNMethodCodeHeapSize                   = 5836300                                {pd product} {ergonomic}
    uintx NonProfiledCodeHeapSize                  = 122910970                              {pd product} {ergonomic}
    uintx ProfiledCodeHeapSize                     = 122910970                              {pd product} {ergonomic}
    uintx ReservedCodeCacheSize                    = 251658240                              {pd product} {ergonomic}
     bool SegmentedCodeCache                       = true                                      {product} {ergonomic}
     bool UseCompressedClassPointers               = true                                 {lp64_product} {ergonomic}
     bool UseCompressedOops                        = true                                 {lp64_product} {ergonomic}
     bool UseG1GC                                  = true                                      {product} {ergonomic}
     bool UseLargePagesIndividualAllocation        = false                                  {pd product} {ergonomic}

Logging:
Log output configuration:
 #0: stdout all=warning uptime,level,tags
 #1: stderr all=off uptime,level,tags

Environment Variables:
JAVA_HOME=C:\Program Files\Java\jdk1.8.0_211
PATH=C:\Python311\Scripts\;C:\Python311\;C:\Program Files (x86)\VMware\VMware Player\bin\;C:\Python310\Scripts\;C:\Python310\;C:\oraclexe\app\oracle\product\10.2.0\server\bin;C:\Program Files (x86)\Common Files\Oracle\Java\javapath;C:\Windows\system32;C:\Windows;C:\Windows\System32\Wbem;C:\Windows\System32\WindowsPowerShell\v1.0\;C:\Windows\System32\OpenSSH\;C:\xampp1\php;C:\ProgramData\ComposerSetup\bin;C:\ProgramData\chocolatey\bin;C:\Program Files\Microsoft SQL Server\130\Tools\Binn\;C:\Program Files\Microsoft SQL Server\150\Tools\Binn\;C:\Program Files\Microsoft SQL Server\Client SDK\ODBC\170\Tools\Binn\;C:\Program Files\dotnet\;C:\Program Files\nodejs\;C:\HashiCorp\Vagrant\bin;C:\Program Files\Git\cmd;C:\Users\HP PC\Downloads\apache-maven-3.9.5\bin;C:\Users\HP PC\AppData\Local\Microsoft\WindowsApps;C:\Users\HP PC\AppData\Roaming\Composer\vendor\bin;C:\Users\HP PC\AppData\Local\Programs\Microsoft VS Code\bin;C:\Program Files\JetBrains\IntelliJ IDEA 2022.2.3\bin;;C:\Users\HP PC\.dotnet\tools;C:\Users\HP PC\AppData\Roaming\npm;C:\Users\HP PC\Downloads\apache-maven-3.9.5\bin;
USERNAME=HP PC
OS=Windows_NT
PROCESSOR_IDENTIFIER=Intel64 Family 6 Model 142 Stepping 12, GenuineIntel
TMP=C:\Users\HPPC~1\AppData\Local\Temp
TEMP=C:\Users\HPPC~1\AppData\Local\Temp



---------------  S Y S T E M  ---------------

OS: Windows 10 , 64 bit Build 19041 (10.0.19041.3570)
OS uptime: 3 days 20:58 hours
Hyper-V role detected

CPU:total 8 (initial active 8) (4 cores per cpu, 2 threads per core) family 6 model 142 stepping 12 microcode 0xb8, cmov, cx8, fxsr, mmx, sse, sse2, sse3, ssse3, sse4.1, sse4.2, popcnt, avx, avx2, aes, clmul, erms, 3dnowpref, lzcnt, ht, tsc, tscinvbit, bmi1, bmi2, adx, fma

Memory: 4k page, system-wide physical 16270M (4234M free)
TotalPageFile size 20265M (AvailPageFile size 4M)
current process WorkingSet (physical memory assigned to process): 162M, peak: 162M
current process commit charge ("private bytes"): 398M, peak: 399M

vm_info: OpenJDK 64-Bit Server VM (11.0.17+8-LTS) for windows-amd64 JRE (Zulu11.60+19-CA) (11.0.17+8-LTS), built on Oct  9 2022 06:13:40 by "zulu_re" with MS VC++ 15.9 (VS2017)

END.
